--- Job data_agg.gms Start 08/09/20 21:10:06 28.2.0 r750fa45 WEX-WEI x86 64bit/MS Windows
--- GAMS Parameters defined
    Input C:\Users\ikiyo\OneDrive\Research_2019\Network\data\RIO_RAS\aggregation\data_agg.gms
    PageSize 0
    ScrDir C:\Users\ikiyo\OneDrive\Research_2019\Network\data\RIO_RAS\aggregation\225a\
    SysDir C:\GAMS\win64\28.2\
    LogOption 3
    ErrMsg 1
    ErrorLog 99
    IDE 1
    LstTitleLeftAligned 1
GAMS 28.2.0   Copyright (C) 1987-2019 GAMS Development. All rights reserved
Licensee: Kiyotaka Ishikawa, Single User License         G191217/0001AS-WIN
          Kyoto University, Graduate School of Agriculture          DC10515
          License for teaching and research at degree granting institutions
          i.kiyotaka@gmail.com                                             
--- Starting compilation
--- data_agg.gms(32) 3 Mb
--- GDXin=C:\Users\ikiyo\OneDrive\Research_2019\Network\data\RIO_RAS\aggregation\15_output.gdx
--- data_agg.gms(142) 3 Mb
--- Starting execution: elapsed 0:00:00.005
--- data_agg.gms(138) 4 Mb
--- GDX File C:\Users\ikiyo\OneDrive\Research_2019\Network\data\RIO_RAS\aggregation\results\15_output_agg.gdx
--- data_agg.gms(140) 4 Mb

GDXXRW           28.2.0 r750fa45 Released Aug 19, 2019 VS8 x86 32bit/MS Window
Input file : C:\Users\ikiyo\OneDrive\Research_2019\Network\data\RIO_RAS\aggregation\results\15_output_agg.gdx
Output file: C:\Users\ikiyo\OneDrive\Research_2019\Network\data\RIO_RAS\aggregation\results\15_output_agg.xlsx
Total time = 4156 Ms
*** Status: Normal completion
--- Job data_agg.gms Stop 08/09/20 21:10:11 elapsed 0:00:04.727
