--- Job xls2gdx.gms Start 08/09/20 20:21:43 28.2.0 r750fa45 WEX-WEI x86 64bit/MS Windows
--- GAMS Parameters defined
    Input C:\Users\ikiyo\OneDrive\Research_2019\Network\data\RIO_RAS\aggregation\xls2gdx.gms
    PageSize 0
    ScrDir C:\Users\ikiyo\OneDrive\Research_2019\Network\data\RIO_RAS\aggregation\225a\
    SysDir C:\GAMS\win64\28.2\
    LogOption 3
    ErrMsg 1
    ErrorLog 99
    IDE 1
    LstTitleLeftAligned 1
GAMS 28.2.0   Copyright (C) 1987-2019 GAMS Development. All rights reserved
Licensee: Kiyotaka Ishikawa, Single User License         G191217/0001AS-WIN
          Kyoto University, Graduate School of Agriculture          DC10515
          License for teaching and research at degree granting institutions
          i.kiyotaka@gmail.com                                             
--- Starting compilation
--- xls2gdx.gms(6) 2 Mb
--- call gdxxrw SNA_Kenmin.xlsx par=data rng=15_VA!a1:b50 Rdim=1 Cdim=0

GDXXRW           28.2.0 r750fa45 Released Aug 19, 2019 VS8 x86 32bit/MS Window
Input file : C:\Users\ikiyo\OneDrive\Research_2019\Network\data\RIO_RAS\aggregation\SNA_Kenmin.xlsx
Output file: C:\Users\ikiyo\OneDrive\Research_2019\Network\data\RIO_RAS\aggregation\SNA_Kenmin.gdx
Total time = 2156 Ms
--- xls2gdx.gms(7) 2 Mb
--- Starting execution - empty program
*** Status: Normal completion
--- Job xls2gdx.gms Stop 08/09/20 20:21:46 elapsed 0:00:02.658
