--- Job data_agg_95.gms Start 05/05/20 16:01:07 28.2.0 r750fa45 WEX-WEI x86 64bit/MS Windows
--- GAMS Parameters defined
    Input C:\Users\ikiyo\OneDrive\Research_2019\Network\data\RIO_published\aggregation\data_agg_95.gms
    PageSize 0
    ScrDir C:\Users\ikiyo\OneDrive\Research_2019\Network\data\RIO_published\aggregation\225a\
    SysDir C:\GAMS\win64\28.2\
    LogOption 3
    ErrMsg 1
    ErrorLog 99
    IDE 1
    LstTitleLeftAligned 1
GAMS 28.2.0   Copyright (C) 1987-2019 GAMS Development. All rights reserved
Licensee: Kiyotaka Ishikawa, Single User License         G191217/0001AS-WIN
          Kyoto University, Graduate School of Agriculture          DC10515
          License for teaching and research at degree granting institutions
          i.kiyotaka@gmail.com                                             
--- Starting compilation
--- data_agg_95.gms(52) 3 Mb
--- GDXin=C:\Users\ikiyo\OneDrive\Research_2019\Network\data\RIO_published\aggregation\h2rio95c.gdx
--- data_agg_95.gms(278) 9 Mb
--- Starting execution: elapsed 0:00:00.035
--- data_agg_95.gms(221) 11 Mb
--- data_agg_95.gms(221) 11 Mb
--- data_agg_95.gms(272) 14 Mb

--- GDX File C:\Users\ikiyo\OneDrive\Research_2019\Network\data\RIO_published\aggregation\results\h2rio95c_agg.gdx
--- data_agg_95.gms(274) 14 Mb

GDXXRW           28.2.0 r750fa45 Released Aug 19, 2019 VS8 x86 32bit/MS Window
Input file : C:\Users\ikiyo\OneDrive\Research_2019\Network\data\RIO_published\aggregation\results\h2rio95c_agg.gdx
Output file: C:\Users\ikiyo\OneDrive\Research_2019\Network\data\RIO_published\aggregation\results\h2rio95c_agg.xlsx
Total time = 1766 Ms
--- data_agg_95.gms(275) 14 Mb

GDXXRW           28.2.0 r750fa45 Released Aug 19, 2019 VS8 x86 32bit/MS Window
Input file : C:\Users\ikiyo\OneDrive\Research_2019\Network\data\RIO_published\aggregation\results\h2rio95c_agg.gdx
Output file: C:\Users\ikiyo\OneDrive\Research_2019\Network\data\RIO_published\aggregation\results\h2rio95c_agg.xlsx
Total time = 1672 Ms
--- data_agg_95.gms(276) 14 Mb

GDXXRW           28.2.0 r750fa45 Released Aug 19, 2019 VS8 x86 32bit/MS Window
Input file : C:\Users\ikiyo\OneDrive\Research_2019\Network\data\RIO_published\aggregation\results\h2rio95c_agg.gdx
Output file: C:\Users\ikiyo\OneDrive\Research_2019\Network\data\RIO_published\aggregation\results\h2rio95c_agg.xlsx
Total time = 1734 Ms
*** Status: Normal completion
--- Job data_agg_95.gms Stop 05/05/20 16:01:14 elapsed 0:00:06.895
