--- Job data_agg_00.gms Start 05/05/20 16:32:36 28.2.0 r750fa45 WEX-WEI x86 64bit/MS Windows
--- GAMS Parameters defined
    Input C:\Users\ikiyo\OneDrive\Research_2019\Network\data\RIO_published\aggregation\data_agg_00.gms
    PageSize 0
    ScrDir C:\Users\ikiyo\OneDrive\Research_2019\Network\data\RIO_published\aggregation\225a\
    SysDir C:\GAMS\win64\28.2\
    LogOption 3
    ErrMsg 1
    ErrorLog 99
    IDE 1
    LstTitleLeftAligned 1
GAMS 28.2.0   Copyright (C) 1987-2019 GAMS Development. All rights reserved
Licensee: Kiyotaka Ishikawa, Single User License         G191217/0001AS-WIN
          Kyoto University, Graduate School of Agriculture          DC10515
          License for teaching and research at degree granting institutions
          i.kiyotaka@gmail.com                                             
--- Starting compilation
--- data_agg_00.gms(52) 4 Mb
--- GDXin=C:\Users\ikiyo\OneDrive\Research_2019\Network\data\RIO_published\aggregation\h2rio00b.gdx
--- data_agg_00.gms(278) 12 Mb
--- Starting execution: elapsed 0:00:00.055
--- data_agg_00.gms(215) 13 Mb
--- data_agg_00.gms(215) 14 Mb
--- data_agg_00.gms(215) 14 Mb
--- data_agg_00.gms(221) 14 Mb
--- data_agg_00.gms(227) 15 Mb
--- data_agg_00.gms(227) 15 Mb
--- data_agg_00.gms(272) 18 Mb

--- GDX File C:\Users\ikiyo\OneDrive\Research_2019\Network\data\RIO_published\aggregation\results\h2rio00b_agg.gdx
--- data_agg_00.gms(274) 18 Mb

GDXXRW           28.2.0 r750fa45 Released Aug 19, 2019 VS8 x86 32bit/MS Window
Input file : C:\Users\ikiyo\OneDrive\Research_2019\Network\data\RIO_published\aggregation\results\h2rio00b_agg.gdx
Output file: C:\Users\ikiyo\OneDrive\Research_2019\Network\data\RIO_published\aggregation\results\h2rio00b_agg.xlsx
Total time = 1547 Ms
--- data_agg_00.gms(275) 18 Mb

GDXXRW           28.2.0 r750fa45 Released Aug 19, 2019 VS8 x86 32bit/MS Window
Input file : C:\Users\ikiyo\OneDrive\Research_2019\Network\data\RIO_published\aggregation\results\h2rio00b_agg.gdx
Output file: C:\Users\ikiyo\OneDrive\Research_2019\Network\data\RIO_published\aggregation\results\h2rio00b_agg.xlsx
Adding new sheet: avs0
Total time = 2000 Ms
--- data_agg_00.gms(276) 18 Mb

GDXXRW           28.2.0 r750fa45 Released Aug 19, 2019 VS8 x86 32bit/MS Window
Input file : C:\Users\ikiyo\OneDrive\Research_2019\Network\data\RIO_published\aggregation\results\h2rio00b_agg.gdx
Output file: C:\Users\ikiyo\OneDrive\Research_2019\Network\data\RIO_published\aggregation\results\h2rio00b_agg.xlsx
Adding new sheet: fds0
Total time = 2359 Ms
*** Status: Normal completion
--- Job data_agg_00.gms Stop 05/05/20 16:32:46 elapsed 0:00:10.034
