--- Job data_agg_75.gms Start 08/14/20 11:27:27 28.2.0 r750fa45 WEX-WEI x86 64bit/MS Windows
--- GAMS Parameters defined
    Input C:\Users\ikiyo\OneDrive\Research_2019\Network\data\RIO_published\aggregation\data_agg_75.gms
    PageSize 0
    ScrDir C:\Users\ikiyo\OneDrive\Research_2019\Network\data\RIO_published\aggregation\225a\
    SysDir C:\GAMS\win64\28.2\
    LogOption 3
    ErrMsg 1
    ErrorLog 99
    IDE 1
    LstTitleLeftAligned 1
GAMS 28.2.0   Copyright (C) 1987-2019 GAMS Development. All rights reserved
Licensee: Kiyotaka Ishikawa, Single User License         G191217/0001AS-WIN
          Kyoto University, Graduate School of Agriculture          DC10515
          License for teaching and research at degree granting institutions
          i.kiyotaka@gmail.com                                             
--- Starting compilation
--- data_agg_75.gms(52) 3 Mb
--- GDXin=C:\Users\ikiyo\OneDrive\Research_2019\Network\data\RIO_published\aggregation\h2rio75a.gdx
--- data_agg_75.gms(269) 8 Mb
--- Starting execution: elapsed 0:00:00.024
--- data_agg_75.gms(209) 10 Mb
--- data_agg_75.gms(221) 10 Mb
--- data_agg_75.gms(263) 13 Mb

--- GDX File C:\Users\ikiyo\OneDrive\Research_2019\Network\data\RIO_published\aggregation\results\h2rio75a_agg.gdx
--- data_agg_75.gms(265) 13 Mb

GDXXRW           28.2.0 r750fa45 Released Aug 19, 2019 VS8 x86 32bit/MS Window
Input file : C:\Users\ikiyo\OneDrive\Research_2019\Network\data\RIO_published\aggregation\results\h2rio75a_agg.gdx
Output file: C:\Users\ikiyo\OneDrive\Research_2019\Network\data\RIO_published\aggregation\results\h2rio75a_agg.xlsx
Total time = 2687 Ms
--- data_agg_75.gms(266) 13 Mb

GDXXRW           28.2.0 r750fa45 Released Aug 19, 2019 VS8 x86 32bit/MS Window
Input file : C:\Users\ikiyo\OneDrive\Research_2019\Network\data\RIO_published\aggregation\results\h2rio75a_agg.gdx
Output file: C:\Users\ikiyo\OneDrive\Research_2019\Network\data\RIO_published\aggregation\results\h2rio75a_agg.xlsx
Total time = 3250 Ms
--- data_agg_75.gms(267) 13 Mb

GDXXRW           28.2.0 r750fa45 Released Aug 19, 2019 VS8 x86 32bit/MS Window
Input file : C:\Users\ikiyo\OneDrive\Research_2019\Network\data\RIO_published\aggregation\results\h2rio75a_agg.gdx
Output file: C:\Users\ikiyo\OneDrive\Research_2019\Network\data\RIO_published\aggregation\results\h2rio75a_agg.xlsx
Total time = 3953 Ms
*** Status: Normal completion
--- Job data_agg_75.gms Stop 08/14/20 11:27:39 elapsed 0:00:11.972
