--- Job data_agg_80.gms Start 08/14/20 10:48:04 28.2.0 r750fa45 WEX-WEI x86 64bit/MS Windows
--- GAMS Parameters defined
    Input C:\Users\ikiyo\OneDrive\Research_2019\Network\data\RIO_published\aggregation\data_agg_80.gms
    PageSize 0
    ScrDir C:\Users\ikiyo\OneDrive\Research_2019\Network\data\RIO_published\aggregation\225a\
    SysDir C:\GAMS\win64\28.2\
    LogOption 3
    ErrMsg 1
    ErrorLog 99
    IDE 1
    LstTitleLeftAligned 1
GAMS 28.2.0   Copyright (C) 1987-2019 GAMS Development. All rights reserved
Licensee: Kiyotaka Ishikawa, Single User License         G191217/0001AS-WIN
          Kyoto University, Graduate School of Agriculture          DC10515
          License for teaching and research at degree granting institutions
          i.kiyotaka@gmail.com                                             
--- Starting compilation
--- data_agg_80.gms(52) 3 Mb
--- GDXin=C:\Users\ikiyo\OneDrive\Research_2019\Network\data\RIO_published\aggregation\h2rio80a.gdx
--- data_agg_80.gms(269) 8 Mb
--- Starting execution: elapsed 0:00:00.022
--- data_agg_80.gms(215) 9 Mb
--- data_agg_80.gms(221) 10 Mb
--- data_agg_80.gms(263) 12 Mb

--- GDX File C:\Users\ikiyo\OneDrive\Research_2019\Network\data\RIO_published\aggregation\results\h2rio80a_agg.gdx
--- data_agg_80.gms(265) 12 Mb

GDXXRW           28.2.0 r750fa45 Released Aug 19, 2019 VS8 x86 32bit/MS Window
Input file : C:\Users\ikiyo\OneDrive\Research_2019\Network\data\RIO_published\aggregation\results\h2rio80a_agg.gdx
Output file: C:\Users\ikiyo\OneDrive\Research_2019\Network\data\RIO_published\aggregation\results\h2rio80a_agg.xlsx
Total time = 2984 Ms
--- data_agg_80.gms(266) 12 Mb

GDXXRW           28.2.0 r750fa45 Released Aug 19, 2019 VS8 x86 32bit/MS Window
Input file : C:\Users\ikiyo\OneDrive\Research_2019\Network\data\RIO_published\aggregation\results\h2rio80a_agg.gdx
Output file: C:\Users\ikiyo\OneDrive\Research_2019\Network\data\RIO_published\aggregation\results\h2rio80a_agg.xlsx
Total time = 2906 Ms
--- data_agg_80.gms(267) 12 Mb

GDXXRW           28.2.0 r750fa45 Released Aug 19, 2019 VS8 x86 32bit/MS Window
Input file : C:\Users\ikiyo\OneDrive\Research_2019\Network\data\RIO_published\aggregation\results\h2rio80a_agg.gdx
Output file: C:\Users\ikiyo\OneDrive\Research_2019\Network\data\RIO_published\aggregation\results\h2rio80a_agg.xlsx
Total time = 3156 Ms
*** Status: Normal completion
--- Job data_agg_80.gms Stop 08/14/20 10:48:16 elapsed 0:00:11.191
